<?xml version="1.0" encoding="UTF-8"?>
<!-- Generated by org.testng.reporters.JUnitXMLReporter -->
<testsuite ignored="0" hostname="DESKTOP-6R86IG7" failures="1" tests="1" name="Test" time="41.835" errors="0" timestamp="2024-05-10T18:08:04 IST">
  <testcase classname="com.comcast.crm.orgTest.CreateOrganizationTest" name="createOrganizationTest" time="20.095">
    <failure type="java.lang.AssertionError" message="expected [  Facebook_2305] but found [Facebook_2305]">
      <![CDATA[java.lang.AssertionError: expected [  Facebook_2305] but found [Facebook_2305]
at com.comcast.crm.orgTest.CreateOrganizationTest.createOrganizationTest(CreateOrganizationTest.java:49)
at java.base/java.util.ArrayList.forEach(ArrayList.java:1511)
... Removed 33 stack frames]]>
    </failure>
  </testcase> <!-- createOrganizationTest -->
</testsuite> <!-- Test -->
